<?xml version="1.0" encoding="UTF-8"?>
<!-- Generated by org.testng.reporters.JUnitReportReporter -->
<testsuite skipped="0" hostname="Prashant-MacBook-Pro-2.local" name="in.zipgo.repotest3.App" tests="2" failures="0" timestamp="22 Jul 2018 10:13:52 GMT" time="6.040" errors="0">
  <testcase name="abc" time="0.075" classname="in.zipgo.repotest3.App"/>
  <testcase name="abc1" time="5.965" classname="in.zipgo.repotest3.App"/>
</testsuite> <!-- in.zipgo.repotest3.App -->
