<?xml version="1.0" encoding="UTF-8"?>
<!-- Generated by org.testng.reporters.JUnitReportReporter -->
<testsuite skipped="0" hostname="Prashant-MacBook-Pro-2.local" name="in.zipgo.repotest3.App" tests="2" failures="0" timestamp="23 Jul 2018 07:03:52 GMT" time="9.245" errors="0">
  <testcase name="abc" time="0.019" classname="in.zipgo.repotest3.App"/>
  <testcase name="abc1" time="9.226" classname="in.zipgo.repotest3.App"/>
</testsuite> <!-- in.zipgo.repotest3.App -->
